<?xml version="1.0" encoding="UTF-8"?>
<!-- Generated by org.testng.reporters.JUnitReportReporter -->
<testsuite hostname="gautam" failures="0" tests="9" name="runner.TestRunner" time="88.953" errors="0" timestamp="2025-03-20T22:28:32 IST" skipped="0">
  <testcase classname="runner.TestRunner" name="runScenario" time="7.174"/>
  <system-out/>
  <testcase classname="runner.TestRunner" name="runScenario" time="12.991"/>
  <system-out/>
  <testcase classname="runner.TestRunner" name="runScenario" time="23.537"/>
  <system-out/>
  <testcase classname="runner.TestRunner" name="runScenario" time="8.979"/>
  <system-out/>
  <testcase classname="runner.TestRunner" name="runScenario" time="7.818"/>
  <system-out/>
  <testcase classname="runner.TestRunner" name="runScenario" time="4.634"/>
  <system-out/>
  <testcase classname="runner.TestRunner" name="runScenario" time="2.131"/>
  <system-out/>
  <testcase classname="runner.TestRunner" name="runScenario" time="12.989"/>
  <system-out/>
  <testcase classname="runner.TestRunner" name="runScenario" time="8.700"/>
  <system-out/>
</testsuite> <!-- runner.TestRunner -->
