<?xml version="1.0" encoding="UTF-8"?>
<!-- Generated by org.testng.reporters.JUnitReportReporter -->
<testsuite hostname="gautam" failures="0" tests="9" name="runner.TestRunner" time="46.495" errors="0" timestamp="2025-03-18T14:18:34 IST" skipped="0">
  <testcase classname="runner.TestRunner" name="runScenario" time="1.020"/>
  <system-out/>
  <testcase classname="runner.TestRunner" name="runScenario" time="4.076"/>
  <system-out/>
  <testcase classname="runner.TestRunner" name="runScenario" time="0.981"/>
  <system-out/>
  <testcase classname="runner.TestRunner" name="runScenario" time="0.276"/>
  <system-out/>
  <testcase classname="runner.TestRunner" name="runScenario" time="13.790"/>
  <system-out/>
  <testcase classname="runner.TestRunner" name="runScenario" time="4.813"/>
  <system-out/>
  <testcase classname="runner.TestRunner" name="runScenario" time="8.233"/>
  <system-out/>
  <testcase classname="runner.TestRunner" name="runScenario" time="6.231"/>
  <system-out/>
  <testcase classname="runner.TestRunner" name="runScenario" time="7.075"/>
  <system-out/>
</testsuite> <!-- runner.TestRunner -->
