<?xml version="1.0" encoding="UTF-8"?>
<!-- Generated by org.testng.reporters.JUnitReportReporter -->
<testsuite hostname="gautam" failures="0" tests="9" name="runner.TestRunner" time="51.802" errors="0" timestamp="2025-03-18T14:54:38 IST" skipped="0">
  <testcase classname="runner.TestRunner" name="runScenario" time="0.367"/>
  <system-out/>
  <testcase classname="runner.TestRunner" name="runScenario" time="5.590"/>
  <system-out/>
  <testcase classname="runner.TestRunner" name="runScenario" time="9.411"/>
  <system-out/>
  <testcase classname="runner.TestRunner" name="runScenario" time="7.189"/>
  <system-out/>
  <testcase classname="runner.TestRunner" name="runScenario" time="14.340"/>
  <system-out/>
  <testcase classname="runner.TestRunner" name="runScenario" time="1.385"/>
  <system-out/>
  <testcase classname="runner.TestRunner" name="runScenario" time="7.118"/>
  <system-out/>
  <testcase classname="runner.TestRunner" name="runScenario" time="1.147"/>
  <system-out/>
  <testcase classname="runner.TestRunner" name="runScenario" time="5.255"/>
  <system-out/>
</testsuite> <!-- runner.TestRunner -->
